0 info it worked if it ends with ok
1 verbose cli [ '/usr/local/Cellar/node/5.10.0/bin/node',
1 verbose cli   '/usr/local/bin/npm',
1 verbose cli   'run',
1 verbose cli   'tscript' ]
2 info using npm@3.8.3
3 info using node@v5.10.0
4 verbose run-script [ 'pretscript', 'tscript', 'posttscript' ]
5 info lifecycle Portfolio@1.0.0~pretscript: Portfolio@1.0.0
6 silly lifecycle Portfolio@1.0.0~pretscript: no script for pretscript, continuing
7 info lifecycle Portfolio@1.0.0~tscript: Portfolio@1.0.0
8 verbose lifecycle Portfolio@1.0.0~tscript: unsafe-perm in lifecycle true
9 verbose lifecycle Portfolio@1.0.0~tscript: PATH: /usr/local/lib/node_modules/npm/bin/node-gyp-bin:/Users/JosephFarina/Desktop/portfolio/node_modules/.bin:/usr/local/Cellar/node/5.10.0/bin:/usr/bin:/bin:/usr/sbin:/sbin:/usr/local/bin:/Users/JosephFarina/bin
10 verbose lifecycle Portfolio@1.0.0~tscript: CWD: /Users/JosephFarina/Desktop/portfolio
11 silly lifecycle Portfolio@1.0.0~tscript: Args: [ '-c', 'tsc' ]
12 silly lifecycle Portfolio@1.0.0~tscript: Returned: code: 2  signal: null
13 info lifecycle Portfolio@1.0.0~tscript: Failed to exec tscript script
14 verbose stack Error: Portfolio@1.0.0 tscript: `tsc`
14 verbose stack Exit status 2
14 verbose stack     at EventEmitter.<anonymous> (/usr/local/lib/node_modules/npm/lib/utils/lifecycle.js:239:16)
14 verbose stack     at emitTwo (events.js:100:13)
14 verbose stack     at EventEmitter.emit (events.js:185:7)
14 verbose stack     at ChildProcess.<anonymous> (/usr/local/lib/node_modules/npm/lib/utils/spawn.js:24:14)
14 verbose stack     at emitTwo (events.js:100:13)
14 verbose stack     at ChildProcess.emit (events.js:185:7)
14 verbose stack     at maybeClose (internal/child_process.js:850:16)
14 verbose stack     at Process.ChildProcess._handle.onexit (internal/child_process.js:215:5)
15 verbose pkgid Portfolio@1.0.0
16 verbose cwd /Users/JosephFarina/Desktop/portfolio
17 error Darwin 15.2.0
18 error argv "/usr/local/Cellar/node/5.10.0/bin/node" "/usr/local/bin/npm" "run" "tscript"
19 error node v5.10.0
20 error npm  v3.8.3
21 error code ELIFECYCLE
22 error Portfolio@1.0.0 tscript: `tsc`
22 error Exit status 2
23 error Failed at the Portfolio@1.0.0 tscript script 'tsc'.
23 error Make sure you have the latest version of node.js and npm installed.
23 error If you do, this is most likely a problem with the Portfolio package,
23 error not with npm itself.
23 error Tell the author that this fails on your system:
23 error     tsc
23 error You can get information on how to open an issue for this project with:
23 error     npm bugs Portfolio
23 error Or if that isn't available, you can get their info via:
23 error     npm owner ls Portfolio
23 error There is likely additional logging output above.
24 verbose exit [ 1, true ]
